\BOOKMARK [1][-]{section.1}{1 Course Overview}{}% 1
\BOOKMARK [1][-]{section.2}{2 Learning Objectives}{}% 2
\BOOKMARK [1][-]{section.3}{3 Course Format}{}% 3
\BOOKMARK [1][-]{section.4}{4 Course Info}{}% 4
\BOOKMARK [2][-]{subsection.4.1}{4.1 Playposit}{section.4}% 5
\BOOKMARK [2][-]{subsection.4.2}{4.2 Zoom meetings}{section.4}% 6
\BOOKMARK [1][-]{section.5}{5 Prerequisites}{}% 7
\BOOKMARK [1][-]{section.6}{6 Team Work}{}% 8
\BOOKMARK [1][-]{section.7}{7 Class Materials}{}% 9
\BOOKMARK [1][-]{section.8}{8 Workload}{}% 10
\BOOKMARK [1][-]{section.9}{9 Graded Work}{}% 11
\BOOKMARK [1][-]{section.10}{10 Descriptions of graded work}{}% 12
\BOOKMARK [2][-]{subsection.10.1}{10.1 Problem sets}{section.10}% 13
\BOOKMARK [2][-]{subsection.10.2}{10.2 Lab exercises}{section.10}% 14
\BOOKMARK [2][-]{subsection.10.3}{10.3 Group Case Studies}{section.10}% 15
\BOOKMARK [2][-]{subsection.10.4}{10.4 Exams}{section.10}% 16
\BOOKMARK [1][-]{section.11}{11 Late Submission Policy}{}% 17
\BOOKMARK [1][-]{section.12}{12 Auditing}{}% 18
\BOOKMARK [1][-]{section.13}{13 Tentative Course Schedule}{}% 19
\BOOKMARK [1][-]{section.14}{14 Academic Integrity}{}% 20
\BOOKMARK [1][-]{section.15}{15 Diversity \046 Inclusiveness:}{}% 21
\BOOKMARK [1][-]{section.16}{16 Disability Statement}{}% 22
\BOOKMARK [1][-]{section.17}{17 Other Information}{}% 23
\BOOKMARK [1][-]{section.18}{18 Professionalism}{}% 24
